<?xml version="1.0" encoding="UTF-8"?>
<testng-results ignored="0" total="1" passed="1" failed="0" skipped="0">
  <reporter-output>
  </reporter-output>
  <suite started-at="2024-05-17T11:13:19 EDT" name="Default suite" finished-at="2024-05-17T11:13:37 EDT" duration-ms="17468">
    <groups>
    </groups>
    <test started-at="2024-05-17T11:13:19 EDT" name="Default test" finished-at="2024-05-17T11:13:37 EDT" duration-ms="17468">
      <class name="com.qa.testCases.RadioButtonTestCases">
        <test-method is-config="true" signature="startApplication()[pri:0, instance:com.qa.testCases.RadioButtonTestCases@5b7a5baa]" started-at="2024-05-17T11:13:19 EDT" name="startApplication" finished-at="2024-05-17T11:13:25 EDT" duration-ms="6172" status="PASS">
          <reporter-output>
          </reporter-output>
        </test-method> <!-- startApplication -->
        <test-method signature="clickingOnYesButton()[pri:0, instance:com.qa.testCases.RadioButtonTestCases@5b7a5baa]" started-at="2024-05-17T11:13:25 EDT" name="clickingOnYesButton" finished-at="2024-05-17T11:13:33 EDT" duration-ms="7673" status="PASS">
          <reporter-output>
          </reporter-output>
        </test-method> <!-- clickingOnYesButton -->
        <test-method is-config="true" signature="closeApplication()[pri:0, instance:com.qa.testCases.RadioButtonTestCases@5b7a5baa]" started-at="2024-05-17T11:13:33 EDT" name="closeApplication" finished-at="2024-05-17T11:13:37 EDT" duration-ms="3493" status="PASS">
          <reporter-output>
          </reporter-output>
        </test-method> <!-- closeApplication -->
      </class> <!-- com.qa.testCases.RadioButtonTestCases -->
    </test> <!-- Default test -->
  </suite> <!-- Default suite -->
</testng-results>
